<?xml version="1.0" encoding="UTF-8"?>
<!-- Generated by org.testng.reporters.JUnitReportReporter -->
<testsuite hostname="DESKTOP-UCLQT20" failures="0" tests="2" name="testNgPractise.DataProviderEx2" time="0.015" errors="0" timestamp="2024-09-10T15:31:19 IST" skipped="0">
  <testcase classname="testNgPractise.DataProviderEx2" name="bookTickets" time="0.001"/>
  <system-out/>
  <testcase classname="testNgPractise.DataProviderEx2" name="bookTickets" time="0.014"/>
  <system-out/>
</testsuite> <!-- testNgPractise.DataProviderEx2 -->
