<?xml version="1.0" encoding="UTF-8"?>
<!-- Generated by org.testng.reporters.JUnitReportReporter -->
<testsuite hostname="DESKTOP-UCLQT20" failures="0" tests="1" name="organization.CreateOrganization" time="36.937" errors="0" timestamp="2024-09-02T19:22:51 IST" skipped="0">
  <testcase classname="organization.CreateOrganization" name="CreateOrganization" time="36.937"/>
  <system-out/>
</testsuite> <!-- organization.CreateOrganization -->
