<?xml version="1.0" encoding="UTF-8"?>
<!-- Generated by org.testng.reporters.JUnitReportReporter -->
<testsuite hostname="DESKTOP-UCLQT20" failures="0" tests="3" name="testNgPractise.SampleTest" time="0.014" errors="0" timestamp="2024-09-10T15:32:15 IST" skipped="0">
  <testcase classname="testNgPractise.SampleTest" name="createProduct" time="0.012"/>
  <system-out/>
  <testcase classname="testNgPractise.SampleTest" name="deleteProductTest" time="0.001"/>
  <system-out/>
  <testcase classname="testNgPractise.SampleTest" name="modifyProductTest" time="0.001"/>
  <system-out/>
</testsuite> <!-- testNgPractise.SampleTest -->
