<?xml version="1.0" encoding="UTF-8"?>
<!-- Generated by org.testng.reporters.JUnitReportReporter -->
<testsuite hostname="DESKTOP-UCLQT20" failures="0" tests="1" name="campaigns.CreateCampaignsTest" time="22.806" errors="0" timestamp="2024-09-10T18:42:38 IST" skipped="0">
  <testcase classname="campaigns.CreateCampaignsTest" name="CreateCampaignsTest" time="22.806"/>
  <system-out/>
</testsuite> <!-- campaigns.CreateCampaignsTest -->
