<?xml version="1.0" encoding="UTF-8"?>
<!-- Generated by org.testng.reporters.JUnitReportReporter -->
<testsuite hostname="DESKTOP-UCLQT20" failures="0" tests="1" name="campaigns.CreateCampaignsWithProduct2" time="30.151" errors="0" timestamp="2024-09-02T19:24:32 IST" skipped="0">
  <testcase classname="campaigns.CreateCampaignsWithProduct2" name="CreateCampaignsWithProduct2" time="30.151"/>
  <system-out/>
</testsuite> <!-- campaigns.CreateCampaignsWithProduct2 -->
