<?xml version="1.0" encoding="UTF-8"?>
<!-- Generated by org.testng.reporters.JUnitReportReporter -->
<testsuite hostname="DESKTOP-UCLQT20" failures="0" tests="1" name="testNgPractise.SoftAssertEx" time="0.019" errors="0" timestamp="2024-09-10T15:32:25 IST" skipped="0">
  <testcase classname="testNgPractise.SoftAssertEx" name="m1" time="0.019"/>
  <system-out/>
</testsuite> <!-- testNgPractise.SoftAssertEx -->
