<?xml version="1.0" encoding="UTF-8"?>
<!-- Generated by org.testng.reporters.JUnitReportReporter -->
<testsuite hostname="DESKTOP-UCLQT20" failures="0" tests="1" name="campaigns.CreateCampaignsWithProduct2Test" time="36.798" errors="0" timestamp="2024-09-10T18:40:52 IST" skipped="0">
  <testcase classname="campaigns.CreateCampaignsWithProduct2Test" name="CreateCampaignsWithProduct2Test" time="36.798"/>
  <system-out/>
</testsuite> <!-- campaigns.CreateCampaignsWithProduct2Test -->
