<?xml version="1.0" encoding="UTF-8"?>
<!-- Generated by org.testng.reporters.JUnitReportReporter -->
<testsuite hostname="DESKTOP-UCLQT20" failures="0" tests="1" name="products.CreateProductAndDeleteProduct" time="31.733" errors="0" timestamp="2024-09-02T19:25:40 IST" skipped="0">
  <testcase classname="products.CreateProductAndDeleteProduct" name="CreateProductAndDeleteProducttest" time="31.733"/>
  <system-out/>
</testsuite> <!-- products.CreateProductAndDeleteProduct -->
