<?xml version="1.0" encoding="UTF-8"?>
<!-- Generated by org.testng.reporters.JUnitReportReporter -->
<testsuite hostname="DESKTOP-UCLQT20" failures="0" tests="1" name="campaigns.CreateCampaigns" time="20.995" errors="0" timestamp="2024-09-02T19:26:18 IST" skipped="0">
  <testcase classname="campaigns.CreateCampaigns" name="CreateCampaigns" time="20.995"/>
  <system-out/>
</testsuite> <!-- campaigns.CreateCampaigns -->
