<?xml version="1.0" encoding="UTF-8"?>
<!-- Generated by org.testng.reporters.JUnitReportReporter -->
<testsuite hostname="DESKTOP-UCLQT20" failures="0" tests="3" name="testNgPractise.DataProviderEx1" time="0.016" errors="0" timestamp="2024-09-10T15:31:06 IST" skipped="0">
  <testcase classname="testNgPractise.DataProviderEx1" name="bookTickets" time="0.013"/>
  <system-out/>
  <testcase classname="testNgPractise.DataProviderEx1" name="bookTickets" time="0.001"/>
  <system-out/>
  <testcase classname="testNgPractise.DataProviderEx1" name="bookTickets" time="0.002"/>
  <system-out/>
</testsuite> <!-- testNgPractise.DataProviderEx1 -->
