<?xml version="1.0" encoding="UTF-8"?>
<!-- Generated by org.testng.reporters.JUnitReportReporter -->
<testsuite hostname="DESKTOP-UCLQT20" failures="0" tests="2" name="testNgPractise.DataProviderEx3" time="27.083" errors="0" timestamp="2024-09-10T15:31:55 IST" skipped="0">
  <testcase classname="testNgPractise.DataProviderEx3" name="organizationModuleTest" time="15.154"/>
  <system-out/>
  <testcase classname="testNgPractise.DataProviderEx3" name="organizationModuleTest" time="11.929"/>
  <system-out/>
</testsuite> <!-- testNgPractise.DataProviderEx3 -->
