<?xml version="1.0" encoding="UTF-8"?>
<!-- Generated by org.testng.reporters.JUnitReportReporter -->
<testsuite hostname="DESKTOP-UCLQT20" failures="0" tests="1" name="products.CreateProductsTest" time="25.005" errors="0" timestamp="2024-09-11T19:25:03 IST" skipped="0">
  <testcase classname="products.CreateProductsTest" name="createProductsTest" time="25.005"/>
  <system-out/>
</testsuite> <!-- products.CreateProductsTest -->
