<?xml version="1.0" encoding="UTF-8"?>
<!-- Generated by org.testng.reporters.JUnitReportReporter -->
<testsuite hostname="DESKTOP-UCLQT20" failures="0" tests="1" name="products.CreateProducts" time="23.602" errors="0" timestamp="2024-09-02T19:27:50 IST" skipped="0">
  <testcase classname="products.CreateProducts" name="createProducts" time="23.602"/>
  <system-out/>
</testsuite> <!-- products.CreateProducts -->
